<?xml version="1.0" encoding="UTF-8"?>
<!-- Generated by org.testng.reporters.JUnitReportReporter -->
<testsuite hostname="MSI" failures="0" tests="1" name="runnerTestNG.RunnerClassTestNG3" time="3.780" errors="0" timestamp="2024-04-05T12:54:21 IST" skipped="0">
  <testcase classname="runnerTestNG.RunnerClassTestNG3" name="runScenario" time="3.780"/>
  <system-out/>
</testsuite> <!-- runnerTestNG.RunnerClassTestNG3 -->
